c:\users\quan\disk\code projects\jm avc\bin\lencod.bsc
c:\users\quan\disk\code projects\jm avc\lencod\debug_x64_vc11\vc143.pdb
c:\users\quan\disk\code projects\jm avc\lencod\debug_x64_vc11\blk_prediction.sbr
c:\users\quan\disk\code projects\jm avc\lencod\debug_x64_vc11\config_common.sbr
c:\users\quan\disk\code projects\jm avc\lencod\debug_x64_vc11\img_io.sbr
c:\users\quan\disk\code projects\jm avc\lencod\debug_x64_vc11\img_process.sbr
c:\users\quan\disk\code projects\jm avc\lencod\debug_x64_vc11\input.sbr
c:\users\quan\disk\code projects\jm avc\lencod\debug_x64_vc11\io_raw.sbr
c:\users\quan\disk\code projects\jm avc\lencod\debug_x64_vc11\io_tiff.sbr
c:\users\quan\disk\code projects\jm avc\lencod\debug_x64_vc11\mbuffer_common.sbr
c:\users\quan\disk\code projects\jm avc\lencod\debug_x64_vc11\memalloc.sbr
c:\users\quan\disk\code projects\jm avc\lencod\debug_x64_vc11\mv_prediction.sbr
c:\users\quan\disk\code projects\jm avc\lencod\debug_x64_vc11\nalucommon.sbr
c:\users\quan\disk\code projects\jm avc\lencod\debug_x64_vc11\parsetcommon.sbr
c:\users\quan\disk\code projects\jm avc\lencod\debug_x64_vc11\resize.sbr
c:\users\quan\disk\code projects\jm avc\lencod\debug_x64_vc11\transform.sbr
c:\users\quan\disk\code projects\jm avc\lencod\debug_x64_vc11\win32.sbr
c:\users\quan\disk\code projects\jm avc\lencod\debug_x64_vc11\annexb.sbr
c:\users\quan\disk\code projects\jm avc\lencod\debug_x64_vc11\biariencode.sbr
c:\users\quan\disk\code projects\jm avc\lencod\debug_x64_vc11\block.sbr
c:\users\quan\disk\code projects\jm avc\lencod\debug_x64_vc11\cabac.sbr
c:\users\quan\disk\code projects\jm avc\lencod\debug_x64_vc11\cconv_yuv2rgb.sbr
c:\users\quan\disk\code projects\jm avc\lencod\debug_x64_vc11\cconv_yuv2rgb.obj
c:\users\quan\disk\code projects\jm avc\lencod\debug_x64_vc11\cabac.obj
c:\users\quan\disk\code projects\jm avc\lencod\debug_x64_vc11\block.obj
c:\users\quan\disk\code projects\jm avc\lencod\debug_x64_vc11\biariencode.obj
c:\users\quan\disk\code projects\jm avc\lencod\debug_x64_vc11\annexb.obj
c:\users\quan\disk\code projects\jm avc\lencod\debug_x64_vc11\win32.obj
c:\users\quan\disk\code projects\jm avc\lencod\debug_x64_vc11\transform.obj
c:\users\quan\disk\code projects\jm avc\lencod\debug_x64_vc11\resize.obj
c:\users\quan\disk\code projects\jm avc\lencod\debug_x64_vc11\parsetcommon.obj
c:\users\quan\disk\code projects\jm avc\lencod\debug_x64_vc11\nalucommon.obj
c:\users\quan\disk\code projects\jm avc\lencod\debug_x64_vc11\mv_prediction.obj
c:\users\quan\disk\code projects\jm avc\lencod\debug_x64_vc11\memalloc.obj
c:\users\quan\disk\code projects\jm avc\lencod\debug_x64_vc11\mbuffer_common.obj
c:\users\quan\disk\code projects\jm avc\lencod\debug_x64_vc11\io_tiff.obj
c:\users\quan\disk\code projects\jm avc\lencod\debug_x64_vc11\io_raw.obj
c:\users\quan\disk\code projects\jm avc\lencod\debug_x64_vc11\input.obj
c:\users\quan\disk\code projects\jm avc\lencod\debug_x64_vc11\img_process.obj
c:\users\quan\disk\code projects\jm avc\lencod\debug_x64_vc11\img_io.obj
c:\users\quan\disk\code projects\jm avc\lencod\debug_x64_vc11\config_common.obj
c:\users\quan\disk\code projects\jm avc\lencod\debug_x64_vc11\blk_prediction.obj
c:\users\quan\disk\code projects\jm avc\lencod\debug_x64_vc11\configfile.sbr
c:\users\quan\disk\code projects\jm avc\lencod\debug_x64_vc11\conformance.sbr
c:\users\quan\disk\code projects\jm avc\lencod\debug_x64_vc11\context_ini.sbr
c:\users\quan\disk\code projects\jm avc\lencod\debug_x64_vc11\errdo.sbr
c:\users\quan\disk\code projects\jm avc\lencod\debug_x64_vc11\errdo_dist_mhyp.sbr
c:\users\quan\disk\code projects\jm avc\lencod\debug_x64_vc11\explicit_gop.sbr
c:\users\quan\disk\code projects\jm avc\lencod\debug_x64_vc11\explicit_seq.sbr
c:\users\quan\disk\code projects\jm avc\lencod\debug_x64_vc11\filehandle.sbr
c:\users\quan\disk\code projects\jm avc\lencod\debug_x64_vc11\fmo.sbr
c:\users\quan\disk\code projects\jm avc\lencod\debug_x64_vc11\get_block_otf.sbr
c:\users\quan\disk\code projects\jm avc\lencod\debug_x64_vc11\header.sbr
c:\users\quan\disk\code projects\jm avc\lencod\debug_x64_vc11\hme_distortion.sbr
c:\users\quan\disk\code projects\jm avc\lencod\debug_x64_vc11\hme_luma.sbr
c:\users\quan\disk\code projects\jm avc\lencod\debug_x64_vc11\image.sbr
c:\users\quan\disk\code projects\jm avc\lencod\debug_x64_vc11\image_mp.sbr
c:\users\quan\disk\code projects\jm avc\lencod\debug_x64_vc11\img_chroma.sbr
c:\users\quan\disk\code projects\jm avc\lencod\debug_x64_vc11\img_dist_ms_ssim.sbr
c:\users\quan\disk\code projects\jm avc\lencod\debug_x64_vc11\img_dist_snr.sbr
c:\users\quan\disk\code projects\jm avc\lencod\debug_x64_vc11\img_dist_ssim.sbr
c:\users\quan\disk\code projects\jm avc\lencod\debug_x64_vc11\img_distortion.sbr
c:\users\quan\disk\code projects\jm avc\lencod\debug_x64_vc11\img_distortion.obj
c:\users\quan\disk\code projects\jm avc\lencod\debug_x64_vc11\img_dist_ssim.obj
c:\users\quan\disk\code projects\jm avc\lencod\debug_x64_vc11\img_dist_snr.obj
c:\users\quan\disk\code projects\jm avc\lencod\debug_x64_vc11\img_dist_ms_ssim.obj
c:\users\quan\disk\code projects\jm avc\lencod\debug_x64_vc11\img_chroma.obj
c:\users\quan\disk\code projects\jm avc\lencod\debug_x64_vc11\image_mp.obj
c:\users\quan\disk\code projects\jm avc\lencod\debug_x64_vc11\image.obj
c:\users\quan\disk\code projects\jm avc\lencod\debug_x64_vc11\hme_luma.obj
c:\users\quan\disk\code projects\jm avc\lencod\debug_x64_vc11\hme_distortion.obj
c:\users\quan\disk\code projects\jm avc\lencod\debug_x64_vc11\header.obj
c:\users\quan\disk\code projects\jm avc\lencod\debug_x64_vc11\get_block_otf.obj
c:\users\quan\disk\code projects\jm avc\lencod\debug_x64_vc11\fmo.obj
c:\users\quan\disk\code projects\jm avc\lencod\debug_x64_vc11\filehandle.obj
c:\users\quan\disk\code projects\jm avc\lencod\debug_x64_vc11\explicit_seq.obj
c:\users\quan\disk\code projects\jm avc\lencod\debug_x64_vc11\explicit_gop.obj
c:\users\quan\disk\code projects\jm avc\lencod\debug_x64_vc11\errdo_dist_mhyp.obj
c:\users\quan\disk\code projects\jm avc\lencod\debug_x64_vc11\errdo.obj
c:\users\quan\disk\code projects\jm avc\lencod\debug_x64_vc11\context_ini.obj
c:\users\quan\disk\code projects\jm avc\lencod\debug_x64_vc11\conformance.obj
c:\users\quan\disk\code projects\jm avc\lencod\debug_x64_vc11\configfile.obj
c:\users\quan\disk\code projects\jm avc\lencod\debug_x64_vc11\img_luma.sbr
c:\users\quan\disk\code projects\jm avc\lencod\debug_x64_vc11\intra16x16.sbr
c:\users\quan\disk\code projects\jm avc\lencod\debug_x64_vc11\intra4x4.sbr
c:\users\quan\disk\code projects\jm avc\lencod\debug_x64_vc11\intra8x8.sbr
c:\users\quan\disk\code projects\jm avc\lencod\debug_x64_vc11\intra_chroma.sbr
c:\users\quan\disk\code projects\jm avc\lencod\debug_x64_vc11\intrarefresh.sbr
c:\users\quan\disk\code projects\jm avc\lencod\debug_x64_vc11\lambda.sbr
c:\users\quan\disk\code projects\jm avc\lencod\debug_x64_vc11\leaky_bucket.sbr
c:\users\quan\disk\code projects\jm avc\lencod\debug_x64_vc11\lencod.sbr
c:\users\quan\disk\code projects\jm avc\lencod\debug_x64_vc11\list_reorder.sbr
c:\users\quan\disk\code projects\jm avc\lencod\debug_x64_vc11\lln_mc_prediction.sbr
c:\users\quan\disk\code projects\jm avc\lencod\debug_x64_vc11\loopfilter.sbr
c:\users\quan\disk\code projects\jm avc\lencod\debug_x64_vc11\loop_filter_mbaff.sbr
c:\users\quan\disk\code projects\jm avc\lencod\debug_x64_vc11\loop_filter_normal.sbr
c:\users\quan\disk\code projects\jm avc\lencod\debug_x64_vc11\macroblock.sbr
c:\users\quan\disk\code projects\jm avc\lencod\debug_x64_vc11\macroblock_p444.sbr
c:\users\quan\disk\code projects\jm avc\lencod\debug_x64_vc11\mb_access.sbr
c:\users\quan\disk\code projects\jm avc\lencod\debug_x64_vc11\mbuffer.sbr
c:\users\quan\disk\code projects\jm avc\lencod\debug_x64_vc11\mc_prediction.sbr
c:\users\quan\disk\code projects\jm avc\lencod\debug_x64_vc11\mc_prediction_otf.sbr
c:\users\quan\disk\code projects\jm avc\lencod\debug_x64_vc11\mc_prediction_otf.obj
c:\users\quan\disk\code projects\jm avc\lencod\debug_x64_vc11\mc_prediction.obj
c:\users\quan\disk\code projects\jm avc\lencod\debug_x64_vc11\mbuffer.obj
c:\users\quan\disk\code projects\jm avc\lencod\debug_x64_vc11\mb_access.obj
c:\users\quan\disk\code projects\jm avc\lencod\debug_x64_vc11\macroblock_p444.obj
c:\users\quan\disk\code projects\jm avc\lencod\debug_x64_vc11\macroblock.obj
c:\users\quan\disk\code projects\jm avc\lencod\debug_x64_vc11\loop_filter_normal.obj
c:\users\quan\disk\code projects\jm avc\lencod\debug_x64_vc11\loop_filter_mbaff.obj
c:\users\quan\disk\code projects\jm avc\lencod\debug_x64_vc11\loopfilter.obj
c:\users\quan\disk\code projects\jm avc\lencod\debug_x64_vc11\lln_mc_prediction.obj
c:\users\quan\disk\code projects\jm avc\lencod\debug_x64_vc11\list_reorder.obj
c:\users\quan\disk\code projects\jm avc\lencod\debug_x64_vc11\lencod.obj
c:\users\quan\disk\code projects\jm avc\lencod\debug_x64_vc11\leaky_bucket.obj
c:\users\quan\disk\code projects\jm avc\lencod\debug_x64_vc11\lambda.obj
c:\users\quan\disk\code projects\jm avc\lencod\debug_x64_vc11\intrarefresh.obj
c:\users\quan\disk\code projects\jm avc\lencod\debug_x64_vc11\intra_chroma.obj
c:\users\quan\disk\code projects\jm avc\lencod\debug_x64_vc11\intra8x8.obj
c:\users\quan\disk\code projects\jm avc\lencod\debug_x64_vc11\intra4x4.obj
c:\users\quan\disk\code projects\jm avc\lencod\debug_x64_vc11\intra16x16.obj
c:\users\quan\disk\code projects\jm avc\lencod\debug_x64_vc11\img_luma.obj
c:\users\quan\disk\code projects\jm avc\lencod\debug_x64_vc11\md_common.sbr
c:\users\quan\disk\code projects\jm avc\lencod\debug_x64_vc11\md_distortion.sbr
c:\users\quan\disk\code projects\jm avc\lencod\debug_x64_vc11\md_high.sbr
c:\users\quan\disk\code projects\jm avc\lencod\debug_x64_vc11\md_high_updated.sbr
c:\users\quan\disk\code projects\jm avc\lencod\debug_x64_vc11\md_highfast.sbr
c:\users\quan\disk\code projects\jm avc\lencod\debug_x64_vc11\md_highloss.sbr
c:\users\quan\disk\code projects\jm avc\lencod\debug_x64_vc11\md_low.sbr
c:\users\quan\disk\code projects\jm avc\lencod\debug_x64_vc11\me_distortion.sbr
c:\users\quan\disk\code projects\jm avc\lencod\debug_x64_vc11\me_distortion_otf.sbr
c:\users\quan\disk\code projects\jm avc\lencod\debug_x64_vc11\me_epzs.sbr
c:\users\quan\disk\code projects\jm avc\lencod\debug_x64_vc11\me_epzs_common.sbr
c:\users\quan\disk\code projects\jm avc\lencod\debug_x64_vc11\me_epzs_int.sbr
c:\users\quan\disk\code projects\jm avc\lencod\debug_x64_vc11\me_epzs_sub.sbr
c:\users\quan\disk\code projects\jm avc\lencod\debug_x64_vc11\me_fullfast.sbr
c:\users\quan\disk\code projects\jm avc\lencod\debug_x64_vc11\me_fullfast_otf.sbr
c:\users\quan\disk\code projects\jm avc\lencod\debug_x64_vc11\me_fullsearch.sbr
c:\users\quan\disk\code projects\jm avc\lencod\debug_x64_vc11\me_hme.sbr
c:\users\quan\disk\code projects\jm avc\lencod\debug_x64_vc11\me_umhex.sbr
c:\users\quan\disk\code projects\jm avc\lencod\debug_x64_vc11\me_umhexsmp.sbr
c:\users\quan\disk\code projects\jm avc\lencod\debug_x64_vc11\mmco.sbr
c:\users\quan\disk\code projects\jm avc\lencod\debug_x64_vc11\mmco.obj
c:\users\quan\disk\code projects\jm avc\lencod\debug_x64_vc11\me_umhexsmp.obj
c:\users\quan\disk\code projects\jm avc\lencod\debug_x64_vc11\me_umhex.obj
c:\users\quan\disk\code projects\jm avc\lencod\debug_x64_vc11\me_hme.obj
c:\users\quan\disk\code projects\jm avc\lencod\debug_x64_vc11\me_fullsearch.obj
c:\users\quan\disk\code projects\jm avc\lencod\debug_x64_vc11\me_fullfast_otf.obj
c:\users\quan\disk\code projects\jm avc\lencod\debug_x64_vc11\me_fullfast.obj
c:\users\quan\disk\code projects\jm avc\lencod\debug_x64_vc11\me_epzs_sub.obj
c:\users\quan\disk\code projects\jm avc\lencod\debug_x64_vc11\me_epzs_int.obj
c:\users\quan\disk\code projects\jm avc\lencod\debug_x64_vc11\me_epzs_common.obj
c:\users\quan\disk\code projects\jm avc\lencod\debug_x64_vc11\me_epzs.obj
c:\users\quan\disk\code projects\jm avc\lencod\debug_x64_vc11\me_distortion_otf.obj
c:\users\quan\disk\code projects\jm avc\lencod\debug_x64_vc11\me_distortion.obj
c:\users\quan\disk\code projects\jm avc\lencod\debug_x64_vc11\md_low.obj
c:\users\quan\disk\code projects\jm avc\lencod\debug_x64_vc11\md_highloss.obj
c:\users\quan\disk\code projects\jm avc\lencod\debug_x64_vc11\md_highfast.obj
c:\users\quan\disk\code projects\jm avc\lencod\debug_x64_vc11\md_high_updated.obj
c:\users\quan\disk\code projects\jm avc\lencod\debug_x64_vc11\md_high.obj
c:\users\quan\disk\code projects\jm avc\lencod\debug_x64_vc11\md_distortion.obj
c:\users\quan\disk\code projects\jm avc\lencod\debug_x64_vc11\md_common.obj
c:\users\quan\disk\code projects\jm avc\lencod\debug_x64_vc11\mode_decision.sbr
c:\users\quan\disk\code projects\jm avc\lencod\debug_x64_vc11\mode_decision_p8x8.sbr
c:\users\quan\disk\code projects\jm avc\lencod\debug_x64_vc11\mv_direct.sbr
c:\users\quan\disk\code projects\jm avc\lencod\debug_x64_vc11\mv_search.sbr
c:\users\quan\disk\code projects\jm avc\lencod\debug_x64_vc11\nal.sbr
c:\users\quan\disk\code projects\jm avc\lencod\debug_x64_vc11\nalu.sbr
c:\users\quan\disk\code projects\jm avc\lencod\debug_x64_vc11\output.sbr
c:\users\quan\disk\code projects\jm avc\lencod\debug_x64_vc11\parset.sbr
c:\users\quan\disk\code projects\jm avc\lencod\debug_x64_vc11\pred_struct.sbr
c:\users\quan\disk\code projects\jm avc\lencod\debug_x64_vc11\q_around.sbr
c:\users\quan\disk\code projects\jm avc\lencod\debug_x64_vc11\q_matrix.sbr
c:\users\quan\disk\code projects\jm avc\lencod\debug_x64_vc11\q_offsets.sbr
c:\users\quan\disk\code projects\jm avc\lencod\debug_x64_vc11\quant4x4.sbr
c:\users\quan\disk\code projects\jm avc\lencod\debug_x64_vc11\quant4x4_2step.sbr
c:\users\quan\disk\code projects\jm avc\lencod\debug_x64_vc11\quant4x4_around.sbr
c:\users\quan\disk\code projects\jm avc\lencod\debug_x64_vc11\quant4x4_normal.sbr
c:\users\quan\disk\code projects\jm avc\lencod\debug_x64_vc11\quant4x4_trellis.sbr
c:\users\quan\disk\code projects\jm avc\lencod\debug_x64_vc11\quant8x8.sbr
c:\users\quan\disk\code projects\jm avc\lencod\debug_x64_vc11\quant8x8_around.sbr
c:\users\quan\disk\code projects\jm avc\lencod\debug_x64_vc11\quant8x8_normal.sbr
c:\users\quan\disk\code projects\jm avc\lencod\debug_x64_vc11\quant8x8_normal.obj
c:\users\quan\disk\code projects\jm avc\lencod\debug_x64_vc11\quant8x8_around.obj
c:\users\quan\disk\code projects\jm avc\lencod\debug_x64_vc11\quant8x8.obj
c:\users\quan\disk\code projects\jm avc\lencod\debug_x64_vc11\quant4x4_trellis.obj
c:\users\quan\disk\code projects\jm avc\lencod\debug_x64_vc11\quant4x4_normal.obj
c:\users\quan\disk\code projects\jm avc\lencod\debug_x64_vc11\quant4x4_around.obj
c:\users\quan\disk\code projects\jm avc\lencod\debug_x64_vc11\quant4x4_2step.obj
c:\users\quan\disk\code projects\jm avc\lencod\debug_x64_vc11\quant4x4.obj
c:\users\quan\disk\code projects\jm avc\lencod\debug_x64_vc11\q_offsets.obj
c:\users\quan\disk\code projects\jm avc\lencod\debug_x64_vc11\q_matrix.obj
c:\users\quan\disk\code projects\jm avc\lencod\debug_x64_vc11\q_around.obj
c:\users\quan\disk\code projects\jm avc\lencod\debug_x64_vc11\pred_struct.obj
c:\users\quan\disk\code projects\jm avc\lencod\debug_x64_vc11\parset.obj
c:\users\quan\disk\code projects\jm avc\lencod\debug_x64_vc11\output.obj
c:\users\quan\disk\code projects\jm avc\lencod\debug_x64_vc11\nalu.obj
c:\users\quan\disk\code projects\jm avc\lencod\debug_x64_vc11\nal.obj
c:\users\quan\disk\code projects\jm avc\lencod\debug_x64_vc11\mv_search.obj
c:\users\quan\disk\code projects\jm avc\lencod\debug_x64_vc11\mv_direct.obj
c:\users\quan\disk\code projects\jm avc\lencod\debug_x64_vc11\mode_decision_p8x8.obj
c:\users\quan\disk\code projects\jm avc\lencod\debug_x64_vc11\mode_decision.obj
c:\users\quan\disk\code projects\jm avc\lencod\debug_x64_vc11\quant8x8_trellis.sbr
c:\users\quan\disk\code projects\jm avc\lencod\debug_x64_vc11\quantchroma.sbr
c:\users\quan\disk\code projects\jm avc\lencod\debug_x64_vc11\quantchroma_2step.sbr
c:\users\quan\disk\code projects\jm avc\lencod\debug_x64_vc11\quantchroma_around.sbr
c:\users\quan\disk\code projects\jm avc\lencod\debug_x64_vc11\quantchroma_normal.sbr
c:\users\quan\disk\code projects\jm avc\lencod\debug_x64_vc11\quantchroma_trellis.sbr
c:\users\quan\disk\code projects\jm avc\lencod\debug_x64_vc11\ratectl.sbr
c:\users\quan\disk\code projects\jm avc\lencod\debug_x64_vc11\rc_quadratic.sbr
c:\users\quan\disk\code projects\jm avc\lencod\debug_x64_vc11\rd_intra_jm.sbr
c:\users\quan\disk\code projects\jm avc\lencod\debug_x64_vc11\rd_intra_jm444.sbr
c:\users\quan\disk\code projects\jm avc\lencod\debug_x64_vc11\rd_intra_jm_low.sbr
c:\users\quan\disk\code projects\jm avc\lencod\debug_x64_vc11\rdopt.sbr
c:\users\quan\disk\code projects\jm avc\lencod\debug_x64_vc11\rdopt_coding_state.sbr
c:\users\quan\disk\code projects\jm avc\lencod\debug_x64_vc11\rdoq.sbr
c:\users\quan\disk\code projects\jm avc\lencod\debug_x64_vc11\rdoq_cabac.sbr
c:\users\quan\disk\code projects\jm avc\lencod\debug_x64_vc11\rdoq_cavlc.sbr
c:\users\quan\disk\code projects\jm avc\lencod\debug_x64_vc11\rdpicdecision.sbr
c:\users\quan\disk\code projects\jm avc\lencod\debug_x64_vc11\report.sbr
c:\users\quan\disk\code projects\jm avc\lencod\debug_x64_vc11\rtp.sbr
c:\users\quan\disk\code projects\jm avc\lencod\debug_x64_vc11\sei.sbr
c:\users\quan\disk\code projects\jm avc\lencod\debug_x64_vc11\sei.obj
c:\users\quan\disk\code projects\jm avc\lencod\debug_x64_vc11\rtp.obj
c:\users\quan\disk\code projects\jm avc\lencod\debug_x64_vc11\report.obj
c:\users\quan\disk\code projects\jm avc\lencod\debug_x64_vc11\rdpicdecision.obj
c:\users\quan\disk\code projects\jm avc\lencod\debug_x64_vc11\rdoq_cavlc.obj
c:\users\quan\disk\code projects\jm avc\lencod\debug_x64_vc11\rdoq_cabac.obj
c:\users\quan\disk\code projects\jm avc\lencod\debug_x64_vc11\rdoq.obj
c:\users\quan\disk\code projects\jm avc\lencod\debug_x64_vc11\rdopt_coding_state.obj
c:\users\quan\disk\code projects\jm avc\lencod\debug_x64_vc11\rdopt.obj
c:\users\quan\disk\code projects\jm avc\lencod\debug_x64_vc11\rd_intra_jm_low.obj
c:\users\quan\disk\code projects\jm avc\lencod\debug_x64_vc11\rd_intra_jm444.obj
c:\users\quan\disk\code projects\jm avc\lencod\debug_x64_vc11\rd_intra_jm.obj
c:\users\quan\disk\code projects\jm avc\lencod\debug_x64_vc11\rc_quadratic.obj
c:\users\quan\disk\code projects\jm avc\lencod\debug_x64_vc11\ratectl.obj
c:\users\quan\disk\code projects\jm avc\lencod\debug_x64_vc11\quantchroma_trellis.obj
c:\users\quan\disk\code projects\jm avc\lencod\debug_x64_vc11\quantchroma_normal.obj
c:\users\quan\disk\code projects\jm avc\lencod\debug_x64_vc11\quantchroma_around.obj
c:\users\quan\disk\code projects\jm avc\lencod\debug_x64_vc11\quantchroma_2step.obj
c:\users\quan\disk\code projects\jm avc\lencod\debug_x64_vc11\quantchroma.obj
c:\users\quan\disk\code projects\jm avc\lencod\debug_x64_vc11\quant8x8_trellis.obj
c:\users\quan\disk\code projects\jm avc\lencod\debug_x64_vc11\slice.sbr
c:\users\quan\disk\code projects\jm avc\lencod\debug_x64_vc11\symbol.sbr
c:\users\quan\disk\code projects\jm avc\lencod\debug_x64_vc11\transform8x8.sbr
c:\users\quan\disk\code projects\jm avc\lencod\debug_x64_vc11\transform8x8_h444.sbr
c:\users\quan\disk\code projects\jm avc\lencod\debug_x64_vc11\vlc.sbr
c:\users\quan\disk\code projects\jm avc\lencod\debug_x64_vc11\weighted_prediction.sbr
c:\users\quan\disk\code projects\jm avc\lencod\debug_x64_vc11\wp_lms.sbr
c:\users\quan\disk\code projects\jm avc\lencod\debug_x64_vc11\wp_mciter.sbr
c:\users\quan\disk\code projects\jm avc\lencod\debug_x64_vc11\wp_mcprec.sbr
c:\users\quan\disk\code projects\jm avc\lencod\debug_x64_vc11\wp_periodic.sbr
c:\users\quan\disk\code projects\jm avc\lencod\debug_x64_vc11\wp_random.sbr
c:\users\quan\disk\code projects\jm avc\lencod\debug_x64_vc11\wp_random.obj
c:\users\quan\disk\code projects\jm avc\lencod\debug_x64_vc11\wp_periodic.obj
c:\users\quan\disk\code projects\jm avc\lencod\debug_x64_vc11\wp_mcprec.obj
c:\users\quan\disk\code projects\jm avc\lencod\debug_x64_vc11\wp_mciter.obj
c:\users\quan\disk\code projects\jm avc\lencod\debug_x64_vc11\wp_lms.obj
c:\users\quan\disk\code projects\jm avc\lencod\debug_x64_vc11\weighted_prediction.obj
c:\users\quan\disk\code projects\jm avc\lencod\debug_x64_vc11\vlc.obj
c:\users\quan\disk\code projects\jm avc\lencod\debug_x64_vc11\transform8x8_h444.obj
c:\users\quan\disk\code projects\jm avc\lencod\debug_x64_vc11\transform8x8.obj
c:\users\quan\disk\code projects\jm avc\lencod\debug_x64_vc11\symbol.obj
c:\users\quan\disk\code projects\jm avc\lencod\debug_x64_vc11\slice.obj
c:\users\quan\disk\code projects\jm avc\bin\lencod.exe
c:\users\quan\disk\code projects\jm avc\lencod\debug_x64_vc11\lencod.ilk
c:\users\quan\disk\code projects\jm avc\lencod\debug_x64_vc11\lencod.pdb
c:\users\quan\disk\code projects\jm avc\lencod\debug_x64_vc11\lencod -d encoder_main.cfg.ilk
c:\users\quan\disk\code projects\jm avc\lencod\debug_x64_vc11\lencod.tlog\bscmake.command.1.tlog
c:\users\quan\disk\code projects\jm avc\lencod\debug_x64_vc11\lencod.tlog\bscmake.read.1.tlog
c:\users\quan\disk\code projects\jm avc\lencod\debug_x64_vc11\lencod.tlog\bscmake.write.1.tlog
c:\users\quan\disk\code projects\jm avc\lencod\debug_x64_vc11\lencod.tlog\cl.command.1.tlog
c:\users\quan\disk\code projects\jm avc\lencod\debug_x64_vc11\lencod.tlog\cl.items.tlog
c:\users\quan\disk\code projects\jm avc\lencod\debug_x64_vc11\lencod.tlog\cl.read.1.tlog
c:\users\quan\disk\code projects\jm avc\lencod\debug_x64_vc11\lencod.tlog\cl.write.1.tlog
c:\users\quan\disk\code projects\jm avc\lencod\debug_x64_vc11\lencod.tlog\link.command.1.tlog
c:\users\quan\disk\code projects\jm avc\lencod\debug_x64_vc11\lencod.tlog\link.read.1.tlog
c:\users\quan\disk\code projects\jm avc\lencod\debug_x64_vc11\lencod.tlog\link.write.1.tlog
