  lencod.c
  lencod_vc11.vcxproj -> C:\Users\Quan\Disk\Code Projects\JM Avc\bin\lencod.exe
BSCMAKE : warning BK4502: truncated .SBR file '.\lencod\Release_x64_vc11\blk_prediction.sbr' not in .\bin\lencod.bsc
BSCMAKE : warning BK4502: truncated .SBR file '.\lencod\Release_x64_vc11\config_common.sbr' not in .\bin\lencod.bsc
BSCMAKE : warning BK4502: truncated .SBR file '.\lencod\Release_x64_vc11\img_io.sbr' not in .\bin\lencod.bsc
BSCMAKE : warning BK4502: truncated .SBR file '.\lencod\Release_x64_vc11\img_process.sbr' not in .\bin\lencod.bsc
BSCMAKE : warning BK4502: truncated .SBR file '.\lencod\Release_x64_vc11\input.sbr' not in .\bin\lencod.bsc
BSCMAKE : warning BK4502: truncated .SBR file '.\lencod\Release_x64_vc11\io_raw.sbr' not in .\bin\lencod.bsc
BSCMAKE : warning BK4502: truncated .SBR file '.\lencod\Release_x64_vc11\io_tiff.sbr' not in .\bin\lencod.bsc
BSCMAKE : warning BK4502: truncated .SBR file '.\lencod\Release_x64_vc11\mbuffer_common.sbr' not in .\bin\lencod.bsc
BSCMAKE : warning BK4502: truncated .SBR file '.\lencod\Release_x64_vc11\memalloc.sbr' not in .\bin\lencod.bsc
BSCMAKE : warning BK4502: truncated .SBR file '.\lencod\Release_x64_vc11\mv_prediction.sbr' not in .\bin\lencod.bsc
BSCMAKE : warning BK4502: truncated .SBR file '.\lencod\Release_x64_vc11\nalucommon.sbr' not in .\bin\lencod.bsc
BSCMAKE : warning BK4502: truncated .SBR file '.\lencod\Release_x64_vc11\parsetcommon.sbr' not in .\bin\lencod.bsc
BSCMAKE : warning BK4502: truncated .SBR file '.\lencod\Release_x64_vc11\resize.sbr' not in .\bin\lencod.bsc
BSCMAKE : warning BK4502: truncated .SBR file '.\lencod\Release_x64_vc11\transform.sbr' not in .\bin\lencod.bsc
BSCMAKE : warning BK4502: truncated .SBR file '.\lencod\Release_x64_vc11\win32.sbr' not in .\bin\lencod.bsc
BSCMAKE : warning BK4502: truncated .SBR file '.\lencod\Release_x64_vc11\annexb.sbr' not in .\bin\lencod.bsc
BSCMAKE : warning BK4502: truncated .SBR file '.\lencod\Release_x64_vc11\biariencode.sbr' not in .\bin\lencod.bsc
BSCMAKE : warning BK4502: truncated .SBR file '.\lencod\Release_x64_vc11\block.sbr' not in .\bin\lencod.bsc
BSCMAKE : warning BK4502: truncated .SBR file '.\lencod\Release_x64_vc11\cabac.sbr' not in .\bin\lencod.bsc
BSCMAKE : warning BK4502: truncated .SBR file '.\lencod\Release_x64_vc11\cconv_yuv2rgb.sbr' not in .\bin\lencod.bsc
BSCMAKE : warning BK4502: truncated .SBR file '.\lencod\Release_x64_vc11\configfile.sbr' not in .\bin\lencod.bsc
BSCMAKE : warning BK4502: truncated .SBR file '.\lencod\Release_x64_vc11\conformance.sbr' not in .\bin\lencod.bsc
BSCMAKE : warning BK4502: truncated .SBR file '.\lencod\Release_x64_vc11\context_ini.sbr' not in .\bin\lencod.bsc
BSCMAKE : warning BK4502: truncated .SBR file '.\lencod\Release_x64_vc11\errdo.sbr' not in .\bin\lencod.bsc
BSCMAKE : warning BK4502: truncated .SBR file '.\lencod\Release_x64_vc11\errdo_dist_mhyp.sbr' not in .\bin\lencod.bsc
BSCMAKE : warning BK4502: truncated .SBR file '.\lencod\Release_x64_vc11\explicit_gop.sbr' not in .\bin\lencod.bsc
BSCMAKE : warning BK4502: truncated .SBR file '.\lencod\Release_x64_vc11\explicit_seq.sbr' not in .\bin\lencod.bsc
BSCMAKE : warning BK4502: truncated .SBR file '.\lencod\Release_x64_vc11\filehandle.sbr' not in .\bin\lencod.bsc
BSCMAKE : warning BK4502: truncated .SBR file '.\lencod\Release_x64_vc11\fmo.sbr' not in .\bin\lencod.bsc
BSCMAKE : warning BK4502: truncated .SBR file '.\lencod\Release_x64_vc11\get_block_otf.sbr' not in .\bin\lencod.bsc
BSCMAKE : warning BK4502: truncated .SBR file '.\lencod\Release_x64_vc11\header.sbr' not in .\bin\lencod.bsc
BSCMAKE : warning BK4502: truncated .SBR file '.\lencod\Release_x64_vc11\hme_distortion.sbr' not in .\bin\lencod.bsc
BSCMAKE : warning BK4502: truncated .SBR file '.\lencod\Release_x64_vc11\hme_luma.sbr' not in .\bin\lencod.bsc
BSCMAKE : warning BK4502: truncated .SBR file '.\lencod\Release_x64_vc11\image.sbr' not in .\bin\lencod.bsc
BSCMAKE : warning BK4502: truncated .SBR file '.\lencod\Release_x64_vc11\image_mp.sbr' not in .\bin\lencod.bsc
BSCMAKE : warning BK4502: truncated .SBR file '.\lencod\Release_x64_vc11\img_chroma.sbr' not in .\bin\lencod.bsc
BSCMAKE : warning BK4502: truncated .SBR file '.\lencod\Release_x64_vc11\img_distortion.sbr' not in .\bin\lencod.bsc
BSCMAKE : warning BK4502: truncated .SBR file '.\lencod\Release_x64_vc11\img_dist_ms_ssim.sbr' not in .\bin\lencod.bsc
BSCMAKE : warning BK4502: truncated .SBR file '.\lencod\Release_x64_vc11\img_dist_snr.sbr' not in .\bin\lencod.bsc
BSCMAKE : warning BK4502: truncated .SBR file '.\lencod\Release_x64_vc11\img_dist_ssim.sbr' not in .\bin\lencod.bsc
BSCMAKE : warning BK4502: truncated .SBR file '.\lencod\Release_x64_vc11\img_luma.sbr' not in .\bin\lencod.bsc
BSCMAKE : warning BK4502: truncated .SBR file '.\lencod\Release_x64_vc11\intra16x16.sbr' not in .\bin\lencod.bsc
BSCMAKE : warning BK4502: truncated .SBR file '.\lencod\Release_x64_vc11\intra4x4.sbr' not in .\bin\lencod.bsc
BSCMAKE : warning BK4502: truncated .SBR file '.\lencod\Release_x64_vc11\intra8x8.sbr' not in .\bin\lencod.bsc
BSCMAKE : warning BK4502: truncated .SBR file '.\lencod\Release_x64_vc11\intrarefresh.sbr' not in .\bin\lencod.bsc
BSCMAKE : warning BK4502: truncated .SBR file '.\lencod\Release_x64_vc11\intra_chroma.sbr' not in .\bin\lencod.bsc
BSCMAKE : warning BK4502: truncated .SBR file '.\lencod\Release_x64_vc11\lambda.sbr' not in .\bin\lencod.bsc
BSCMAKE : warning BK4502: truncated .SBR file '.\lencod\Release_x64_vc11\leaky_bucket.sbr' not in .\bin\lencod.bsc
BSCMAKE : warning BK4502: truncated .SBR file '.\lencod\Release_x64_vc11\list_reorder.sbr' not in .\bin\lencod.bsc
BSCMAKE : warning BK4502: truncated .SBR file '.\lencod\Release_x64_vc11\lln_mc_prediction.sbr' not in .\bin\lencod.bsc
BSCMAKE : warning BK4502: truncated .SBR file '.\lencod\Release_x64_vc11\loopFilter.sbr' not in .\bin\lencod.bsc
BSCMAKE : warning BK4502: truncated .SBR file '.\lencod\Release_x64_vc11\loop_filter_mbaff.sbr' not in .\bin\lencod.bsc
BSCMAKE : warning BK4502: truncated .SBR file '.\lencod\Release_x64_vc11\loop_filter_normal.sbr' not in .\bin\lencod.bsc
BSCMAKE : warning BK4502: truncated .SBR file '.\lencod\Release_x64_vc11\macroblock.sbr' not in .\bin\lencod.bsc
BSCMAKE : warning BK4502: truncated .SBR file '.\lencod\Release_x64_vc11\macroblock_P444.sbr' not in .\bin\lencod.bsc
BSCMAKE : warning BK4502: truncated .SBR file '.\lencod\Release_x64_vc11\mbuffer.sbr' not in .\bin\lencod.bsc
BSCMAKE : warning BK4502: truncated .SBR file '.\lencod\Release_x64_vc11\mb_access.sbr' not in .\bin\lencod.bsc
BSCMAKE : warning BK4502: truncated .SBR file '.\lencod\Release_x64_vc11\mc_prediction.sbr' not in .\bin\lencod.bsc
BSCMAKE : warning BK4502: truncated .SBR file '.\lencod\Release_x64_vc11\mc_prediction_otf.sbr' not in .\bin\lencod.bsc
BSCMAKE : warning BK4502: truncated .SBR file '.\lencod\Release_x64_vc11\md_common.sbr' not in .\bin\lencod.bsc
BSCMAKE : warning BK4502: truncated .SBR file '.\lencod\Release_x64_vc11\md_distortion.sbr' not in .\bin\lencod.bsc
BSCMAKE : warning BK4502: truncated .SBR file '.\lencod\Release_x64_vc11\md_high.sbr' not in .\bin\lencod.bsc
BSCMAKE : warning BK4502: truncated .SBR file '.\lencod\Release_x64_vc11\md_highfast.sbr' not in .\bin\lencod.bsc
BSCMAKE : warning BK4502: truncated .SBR file '.\lencod\Release_x64_vc11\md_highloss.sbr' not in .\bin\lencod.bsc
BSCMAKE : warning BK4502: truncated .SBR file '.\lencod\Release_x64_vc11\md_high_updated.sbr' not in .\bin\lencod.bsc
BSCMAKE : warning BK4502: truncated .SBR file '.\lencod\Release_x64_vc11\md_low.sbr' not in .\bin\lencod.bsc
BSCMAKE : warning BK4502: truncated .SBR file '.\lencod\Release_x64_vc11\me_distortion.sbr' not in .\bin\lencod.bsc
BSCMAKE : warning BK4502: truncated .SBR file '.\lencod\Release_x64_vc11\me_distortion_otf.sbr' not in .\bin\lencod.bsc
BSCMAKE : warning BK4502: truncated .SBR file '.\lencod\Release_x64_vc11\me_epzs.sbr' not in .\bin\lencod.bsc
BSCMAKE : warning BK4502: truncated .SBR file '.\lencod\Release_x64_vc11\me_epzs_common.sbr' not in .\bin\lencod.bsc
BSCMAKE : warning BK4502: truncated .SBR file '.\lencod\Release_x64_vc11\me_epzs_int.sbr' not in .\bin\lencod.bsc
BSCMAKE : warning BK4502: truncated .SBR file '.\lencod\Release_x64_vc11\me_epzs_sub.sbr' not in .\bin\lencod.bsc
BSCMAKE : warning BK4502: truncated .SBR file '.\lencod\Release_x64_vc11\me_fullfast.sbr' not in .\bin\lencod.bsc
BSCMAKE : warning BK4502: truncated .SBR file '.\lencod\Release_x64_vc11\me_fullfast_otf.sbr' not in .\bin\lencod.bsc
BSCMAKE : warning BK4502: truncated .SBR file '.\lencod\Release_x64_vc11\me_fullsearch.sbr' not in .\bin\lencod.bsc
BSCMAKE : warning BK4502: truncated .SBR file '.\lencod\Release_x64_vc11\me_hme.sbr' not in .\bin\lencod.bsc
BSCMAKE : warning BK4502: truncated .SBR file '.\lencod\Release_x64_vc11\me_umhex.sbr' not in .\bin\lencod.bsc
BSCMAKE : warning BK4502: truncated .SBR file '.\lencod\Release_x64_vc11\me_umhexsmp.sbr' not in .\bin\lencod.bsc
BSCMAKE : warning BK4502: truncated .SBR file '.\lencod\Release_x64_vc11\mmco.sbr' not in .\bin\lencod.bsc
BSCMAKE : warning BK4502: truncated .SBR file '.\lencod\Release_x64_vc11\mode_decision.sbr' not in .\bin\lencod.bsc
BSCMAKE : warning BK4502: truncated .SBR file '.\lencod\Release_x64_vc11\mode_decision_P8x8.sbr' not in .\bin\lencod.bsc
BSCMAKE : warning BK4502: truncated .SBR file '.\lencod\Release_x64_vc11\mv_direct.sbr' not in .\bin\lencod.bsc
BSCMAKE : warning BK4502: truncated .SBR file '.\lencod\Release_x64_vc11\mv_search.sbr' not in .\bin\lencod.bsc
BSCMAKE : warning BK4502: truncated .SBR file '.\lencod\Release_x64_vc11\nal.sbr' not in .\bin\lencod.bsc
BSCMAKE : warning BK4502: truncated .SBR file '.\lencod\Release_x64_vc11\nalu.sbr' not in .\bin\lencod.bsc
BSCMAKE : warning BK4502: truncated .SBR file '.\lencod\Release_x64_vc11\output.sbr' not in .\bin\lencod.bsc
BSCMAKE : warning BK4502: truncated .SBR file '.\lencod\Release_x64_vc11\parset.sbr' not in .\bin\lencod.bsc
BSCMAKE : warning BK4502: truncated .SBR file '.\lencod\Release_x64_vc11\pred_struct.sbr' not in .\bin\lencod.bsc
BSCMAKE : warning BK4502: truncated .SBR file '.\lencod\Release_x64_vc11\quant4x4.sbr' not in .\bin\lencod.bsc
BSCMAKE : warning BK4502: truncated .SBR file '.\lencod\Release_x64_vc11\quant4x4_2step.sbr' not in .\bin\lencod.bsc
BSCMAKE : warning BK4502: truncated .SBR file '.\lencod\Release_x64_vc11\quant4x4_around.sbr' not in .\bin\lencod.bsc
BSCMAKE : warning BK4502: truncated .SBR file '.\lencod\Release_x64_vc11\quant4x4_normal.sbr' not in .\bin\lencod.bsc
BSCMAKE : warning BK4502: truncated .SBR file '.\lencod\Release_x64_vc11\quant4x4_trellis.sbr' not in .\bin\lencod.bsc
BSCMAKE : warning BK4502: truncated .SBR file '.\lencod\Release_x64_vc11\quant8x8.sbr' not in .\bin\lencod.bsc
BSCMAKE : warning BK4502: truncated .SBR file '.\lencod\Release_x64_vc11\quant8x8_around.sbr' not in .\bin\lencod.bsc
BSCMAKE : warning BK4502: truncated .SBR file '.\lencod\Release_x64_vc11\quant8x8_normal.sbr' not in .\bin\lencod.bsc
BSCMAKE : warning BK4502: truncated .SBR file '.\lencod\Release_x64_vc11\quant8x8_trellis.sbr' not in .\bin\lencod.bsc
BSCMAKE : warning BK4502: truncated .SBR file '.\lencod\Release_x64_vc11\quantChroma.sbr' not in .\bin\lencod.bsc
BSCMAKE : warning BK4502: truncated .SBR file '.\lencod\Release_x64_vc11\quantChroma_2step.sbr' not in .\bin\lencod.bsc
BSCMAKE : warning BK4502: truncated .SBR file '.\lencod\Release_x64_vc11\quantChroma_around.sbr' not in .\bin\lencod.bsc
BSCMAKE : warning BK4502: truncated .SBR file '.\lencod\Release_x64_vc11\quantChroma_normal.sbr' not in .\bin\lencod.bsc
BSCMAKE : warning BK4502: truncated .SBR file '.\lencod\Release_x64_vc11\quantChroma_trellis.sbr' not in .\bin\lencod.bsc
BSCMAKE : warning BK4502: truncated .SBR file '.\lencod\Release_x64_vc11\q_around.sbr' not in .\bin\lencod.bsc
BSCMAKE : warning BK4502: truncated .SBR file '.\lencod\Release_x64_vc11\q_matrix.sbr' not in .\bin\lencod.bsc
BSCMAKE : warning BK4502: truncated .SBR file '.\lencod\Release_x64_vc11\q_offsets.sbr' not in .\bin\lencod.bsc
BSCMAKE : warning BK4502: truncated .SBR file '.\lencod\Release_x64_vc11\ratectl.sbr' not in .\bin\lencod.bsc
BSCMAKE : warning BK4502: truncated .SBR file '.\lencod\Release_x64_vc11\rc_quadratic.sbr' not in .\bin\lencod.bsc
BSCMAKE : warning BK4502: truncated .SBR file '.\lencod\Release_x64_vc11\rdopt.sbr' not in .\bin\lencod.bsc
BSCMAKE : warning BK4502: truncated .SBR file '.\lencod\Release_x64_vc11\rdopt_coding_state.sbr' not in .\bin\lencod.bsc
BSCMAKE : warning BK4502: truncated .SBR file '.\lencod\Release_x64_vc11\rdoq.sbr' not in .\bin\lencod.bsc
BSCMAKE : warning BK4502: truncated .SBR file '.\lencod\Release_x64_vc11\rdoq_cabac.sbr' not in .\bin\lencod.bsc
BSCMAKE : warning BK4502: truncated .SBR file '.\lencod\Release_x64_vc11\rdoq_cavlc.sbr' not in .\bin\lencod.bsc
BSCMAKE : warning BK4502: truncated .SBR file '.\lencod\Release_x64_vc11\rdpicdecision.sbr' not in .\bin\lencod.bsc
BSCMAKE : warning BK4502: truncated .SBR file '.\lencod\Release_x64_vc11\rd_intra_jm.sbr' not in .\bin\lencod.bsc
BSCMAKE : warning BK4502: truncated .SBR file '.\lencod\Release_x64_vc11\rd_intra_jm444.sbr' not in .\bin\lencod.bsc
BSCMAKE : warning BK4502: truncated .SBR file '.\lencod\Release_x64_vc11\rd_intra_jm_low.sbr' not in .\bin\lencod.bsc
BSCMAKE : warning BK4502: truncated .SBR file '.\lencod\Release_x64_vc11\report.sbr' not in .\bin\lencod.bsc
BSCMAKE : warning BK4502: truncated .SBR file '.\lencod\Release_x64_vc11\rtp.sbr' not in .\bin\lencod.bsc
BSCMAKE : warning BK4502: truncated .SBR file '.\lencod\Release_x64_vc11\sei.sbr' not in .\bin\lencod.bsc
BSCMAKE : warning BK4502: truncated .SBR file '.\lencod\Release_x64_vc11\slice.sbr' not in .\bin\lencod.bsc
BSCMAKE : warning BK4502: truncated .SBR file '.\lencod\Release_x64_vc11\symbol.sbr' not in .\bin\lencod.bsc
BSCMAKE : warning BK4502: truncated .SBR file '.\lencod\Release_x64_vc11\transform8x8.sbr' not in .\bin\lencod.bsc
BSCMAKE : warning BK4502: truncated .SBR file '.\lencod\Release_x64_vc11\transform8x8_H444.sbr' not in .\bin\lencod.bsc
BSCMAKE : warning BK4502: truncated .SBR file '.\lencod\Release_x64_vc11\vlc.sbr' not in .\bin\lencod.bsc
BSCMAKE : warning BK4502: truncated .SBR file '.\lencod\Release_x64_vc11\weighted_prediction.sbr' not in .\bin\lencod.bsc
BSCMAKE : warning BK4502: truncated .SBR file '.\lencod\Release_x64_vc11\wp_lms.sbr' not in .\bin\lencod.bsc
BSCMAKE : warning BK4502: truncated .SBR file '.\lencod\Release_x64_vc11\wp_mciter.sbr' not in .\bin\lencod.bsc
BSCMAKE : warning BK4502: truncated .SBR file '.\lencod\Release_x64_vc11\wp_mcprec.sbr' not in .\bin\lencod.bsc
BSCMAKE : warning BK4502: truncated .SBR file '.\lencod\Release_x64_vc11\wp_periodic.sbr' not in .\bin\lencod.bsc
BSCMAKE : warning BK4502: truncated .SBR file '.\lencod\Release_x64_vc11\wp_random.sbr' not in .\bin\lencod.bsc
